0 info it worked if it ends with ok
1 verbose cli [ 'C:\\Program Files (x86)\\nodejs\\\\node.exe',
1 verbose cli   'C:\\Program Files (x86)\\nodejs\\node_modules\\npm\\bin\\npm-cli.js',
1 verbose cli   'publish' ]
2 info using npm@2.7.4
3 info using node@v0.12.2
4 verbose node symlink C:\Program Files (x86)\nodejs\\node.exe
5 verbose publish [ '.' ]
6 silly cache add args [ '.', null ]
7 verbose cache add spec .
8 silly cache add parsed spec { raw: '.',
8 silly cache add   scope: null,
8 silly cache add   name: null,
8 silly cache add   rawSpec: '.',
8 silly cache add   spec: 'F:\\Github\\FsNetworkPrinterService\\FsNetworkPrinterService',
8 silly cache add   type: 'local' }
9 error addLocal Could not install F:\Github\FsNetworkPrinterService\FsNetworkPrinterService
10 verbose stack Error: EISDIR, read
10 verbose stack     at Error (native)
11 verbose cwd F:\Github\FsNetworkPrinterService\FsNetworkPrinterService
12 error Windows_NT 6.1.7601
13 error argv "C:\\Program Files (x86)\\nodejs\\\\node.exe" "C:\\Program Files (x86)\\nodejs\\node_modules\\npm\\bin\\npm-cli.js" "publish"
14 error node v0.12.2
15 error npm  v2.7.4
16 error code EISDIR
17 error errno -4068
18 error EISDIR, read
19 error If you need help, you may report this error at:
19 error     <https://github.com/npm/npm/issues>
20 verbose exit [ -4068, true ]
